# JRE version: OpenJDK Runtime Environment (8.0_242-b01) (build 1.8.0_242-release-1644-b01)
# Java VM: OpenJDK 64-Bit Server VM (25.242-b01 mixed mode windows-amd64 compressed oops)
Heap:
 PSYoungGen      total 499200K, used 118509K [0x00000000d5580000, 0x00000000fb300000, 0x0000000100000000)
  eden space 437248K, 12% used [0x00000000d5580000,0x00000000d8cc2ac0,0x00000000f0080000)
  from space 61952K, 99% used [0x00000000f4d80000,0x00000000f89f89e0,0x00000000f8a00000)
  to   space 78848K, 0% used [0x00000000f0080000,0x00000000f0080000,0x00000000f4d80000)
 ParOldGen       total 793600K, used 90553K [0x0000000080000000, 0x00000000b0700000, 0x00000000d5580000)
  object space 793600K, 11% used [0x0000000080000000,0x000000008586e6d0,0x00000000b0700000)
 Metaspace       used 110485K, capacity 117542K, committed 117800K, reserved 1150976K
  class space    used 14517K, capacity 15854K, committed 15920K, reserved 1048576K
GC Heap History (10 events):
Event: 491.720 GC heap before
{Heap before GC invocations=16 (full 4):
 PSYoungGen      total 332288K, used 322891K [0x00000000d5580000, 0x00000000ee700000, 0x0000000100000000)
  eden space 284160K, 100% used [0x00000000d5580000,0x00000000e6b00000,0x00000000e6b00000)
  from space 48128K, 80% used [0x00000000e6b00000,0x00000000e90d2fe8,0x00000000e9a00000)
  to   space 51712K, 0% used [0x00000000eb480000,0x00000000eb480000,0x00000000ee700000)
 ParOldGen       total 793600K, used 68996K [0x0000000080000000, 0x00000000b0700000, 0x00000000d5580000)
  object space 793600K, 8% used [0x0000000080000000,0x0000000084361190,0x00000000b0700000)
 Metaspace       used 100087K, capacity 104950K, committed 105256K, reserved 1140736K
  class space    used 13043K, capacity 14066K, committed 14128K, reserved 1048576K
Event: 491.729 GC heap after
Heap after GC invocations=16 (full 4):
 PSYoungGen      total 357376K, used 22293K [0x00000000d5580000, 0x00000000ee380000, 0x0000000100000000)
  eden space 309248K, 0% used [0x00000000d5580000,0x00000000d5580000,0x00000000e8380000)
  from space 48128K, 46% used [0x00000000eb480000,0x00000000eca457c0,0x00000000ee380000)
  to   space 49152K, 0% used [0x00000000e8380000,0x00000000e8380000,0x00000000eb380000)
 ParOldGen       total 793600K, used 69004K [0x0000000080000000, 0x00000000b0700000, 0x00000000d5580000)
  object space 793600K, 8% used [0x0000000080000000,0x0000000084363190,0x00000000b0700000)
 Metaspace       used 100087K, capacity 104950K, committed 105256K, reserved 1140736K
  class space    used 13043K, capacity 14066K, committed 14128K, reserved 1048576K
}
Event: 492.314 GC heap before
{Heap before GC invocations=17 (full 4):
 PSYoungGen      total 357376K, used 331541K [0x00000000d5580000, 0x00000000ee380000, 0x0000000100000000)
  eden space 309248K, 100% used [0x00000000d5580000,0x00000000e8380000,0x00000000e8380000)
  from space 48128K, 46% used [0x00000000eb480000,0x00000000eca457c0,0x00000000ee380000)
  to   space 49152K, 0% used [0x00000000e8380000,0x00000000e8380000,0x00000000eb380000)
 ParOldGen       total 793600K, used 69004K [0x0000000080000000, 0x00000000b0700000, 0x00000000d5580000)
  object space 793600K, 8% used [0x0000000080000000,0x0000000084363190,0x00000000b0700000)
 Metaspace       used 107694K, capacity 114480K, committed 114728K, reserved 1148928K
  class space    used 14343K, capacity 15635K, committed 15664K, reserved 1048576K
Event: 492.337 GC heap after
Heap after GC invocations=17 (full 4):
 PSYoungGen      total 358400K, used 47645K [0x00000000d5580000, 0x00000000f2780000, 0x0000000100000000)
  eden space 309248K, 0% used [0x00000000d5580000,0x00000000d5580000,0x00000000e8380000)
  from space 49152K, 96% used [0x00000000e8380000,0x00000000eb207528,0x00000000eb380000)
  to   space 55296K, 0% used [0x00000000ef180000,0x00000000ef180000,0x00000000f2780000)
 ParOldGen       total 793600K, used 69012K [0x0000000080000000, 0x00000000b0700000, 0x00000000d5580000)
  object space 793600K, 8% used [0x0000000080000000,0x0000000084365190,0x00000000b0700000)
 Metaspace       used 107694K, capacity 114480K, committed 114728K, reserved 1148928K
  class space    used 14343K, capacity 15635K, committed 15664K, reserved 1048576K
}
Event: 492.740 GC heap before
{Heap before GC invocations=18 (full 4):
 PSYoungGen      total 358400K, used 356893K [0x00000000d5580000, 0x00000000f2780000, 0x0000000100000000)
  eden space 309248K, 100% used [0x00000000d5580000,0x00000000e8380000,0x00000000e8380000)
  from space 49152K, 96% used [0x00000000e8380000,0x00000000eb207528,0x00000000eb380000)
  to   space 55296K, 0% used [0x00000000ef180000,0x00000000ef180000,0x00000000f2780000)
 ParOldGen       total 793600K, used 69012K [0x0000000080000000, 0x00000000b0700000, 0x00000000d5580000)
  object space 793600K, 8% used [0x0000000080000000,0x0000000084365190,0x00000000b0700000)
 Metaspace       used 108474K, capacity 115418K, committed 115624K, reserved 1148928K
  class space    used 14424K, capacity 15748K, committed 15792K, reserved 1048576K
Event: 492.762 GC heap after
Heap after GC invocations=18 (full 4):
 PSYoungGen      total 415744K, used 50051K [0x00000000d5580000, 0x00000000f4a00000, 0x0000000100000000)
  eden space 360448K, 0% used [0x00000000d5580000,0x00000000d5580000,0x00000000eb580000)
  from space 55296K, 90% used [0x00000000ef180000,0x00000000f2260f00,0x00000000f2780000)
  to   space 61440K, 0% used [0x00000000eb580000,0x00000000eb580000,0x00000000ef180000)
 ParOldGen       total 793600K, used 69020K [0x0000000080000000, 0x00000000b0700000, 0x00000000d5580000)
  object space 793600K, 8% used [0x0000000080000000,0x0000000084367190,0x00000000b0700000)
 Metaspace       used 108474K, capacity 115418K, committed 115624K, reserved 1148928K
  class space    used 14424K, capacity 15748K, committed 15792K, reserved 1048576K
}
Event: 493.420 GC heap before
{Heap before GC invocations=19 (full 4):
 PSYoungGen      total 415744K, used 410499K [0x00000000d5580000, 0x00000000f4a00000, 0x0000000100000000)
  eden space 360448K, 100% used [0x00000000d5580000,0x00000000eb580000,0x00000000eb580000)
  from space 55296K, 90% used [0x00000000ef180000,0x00000000f2260f00,0x00000000f2780000)
  to   space 61440K, 0% used [0x00000000eb580000,0x00000000eb580000,0x00000000ef180000)
 ParOldGen       total 793600K, used 69020K [0x0000000080000000, 0x00000000b0700000, 0x00000000d5580000)
  object space 793600K, 8% used [0x0000000080000000,0x0000000084367190,0x00000000b0700000)
 Metaspace       used 109175K, capacity 116162K, committed 116392K, reserved 1150976K
  class space    used 14425K, capacity 15750K, committed 15792K, reserved 1048576K
Event: 493.435 GC heap after
Heap after GC invocations=19 (full 4):
 PSYoungGen      total 421888K, used 39286K [0x00000000d5580000, 0x00000000f8a00000, 0x0000000100000000)
  eden space 360448K, 0% used [0x00000000d5580000,0x00000000d5580000,0x00000000eb580000)
  from space 61440K, 63% used [0x00000000eb580000,0x00000000edbddb40,0x00000000ef180000)
  to   space 61952K, 0% used [0x00000000f4d80000,0x00000000f4d80000,0x00000000f8a00000)
 ParOldGen       total 793600K, used 69028K [0x0000000080000000, 0x00000000b0700000, 0x00000000d5580000)
  object space 793600K, 8% used [0x0000000080000000,0x0000000084369190,0x00000000b0700000)
 Metaspace       used 109175K, capacity 116162K, committed 116392K, reserved 1150976K
  class space    used 14425K, capacity 15750K, committed 15792K, reserved 1048576K
}
Event: 494.573 GC heap before
{Heap before GC invocations=20 (full 4):
 PSYoungGen      total 421888K, used 399734K [0x00000000d5580000, 0x00000000f8a00000, 0x0000000100000000)
  eden space 360448K, 100% used [0x00000000d5580000,0x00000000eb580000,0x00000000eb580000)
  from space 61440K, 63% used [0x00000000eb580000,0x00000000edbddb40,0x00000000ef180000)
  to   space 61952K, 0% used [0x00000000f4d80000,0x00000000f4d80000,0x00000000f8a00000)
 ParOldGen       total 793600K, used 69028K [0x0000000080000000, 0x00000000b0700000, 0x00000000d5580000)
  object space 793600K, 8% used [0x0000000080000000,0x0000000084369190,0x00000000b0700000)
 Metaspace       used 110453K, capacity 117542K, committed 117800K, reserved 1150976K
  class space    used 14517K, capacity 15854K, committed 15920K, reserved 1048576K
Event: 494.616 GC heap after
Heap after GC invocations=20 (full 4):
 PSYoungGen      total 499200K, used 61922K [0x00000000d5580000, 0x00000000fb300000, 0x0000000100000000)
  eden space 437248K, 0% used [0x00000000d5580000,0x00000000d5580000,0x00000000f0080000)
  from space 61952K, 99% used [0x00000000f4d80000,0x00000000f89f89e0,0x00000000f8a00000)
  to   space 78848K, 0% used [0x00000000f0080000,0x00000000f0080000,0x00000000f4d80000)
 ParOldGen       total 793600K, used 90553K [0x0000000080000000, 0x00000000b0700000, 0x00000000d5580000)
  object space 793600K, 11% used [0x0000000080000000,0x000000008586e6d0,0x00000000b0700000)
 Metaspace       used 110453K, capacity 117542K, committed 117800K, reserved 1150976K
  class space    used 14517K, capacity 15854K, committed 15920K, reserved 1048576K
}

