# JRE version: OpenJDK Runtime Environment (8.0_242-b01) (build 1.8.0_242-release-1644-b01)
# Java VM: OpenJDK 64-Bit Server VM (25.242-b01 mixed mode windows-amd64 compressed oops)
Heap:
 PSYoungGen      total 609792K, used 130329K [0x00000000d5580000, 0x0000000100000000, 0x0000000100000000)
  eden space 521728K, 15% used [0x00000000d5580000,0x00000000da2b93a0,0x00000000f5300000)
  from space 88064K, 58% used [0x00000000faa00000,0x00000000fdc0d138,0x0000000100000000)
  to   space 88576K, 0% used [0x00000000f5300000,0x00000000f5300000,0x00000000fa980000)
 ParOldGen       total 666624K, used 150604K [0x0000000080000000, 0x00000000a8b00000, 0x00000000d5580000)
  object space 666624K, 22% used [0x0000000080000000,0x0000000089313190,0x00000000a8b00000)
 Metaspace       used 102792K, capacity 109224K, committed 109528K, reserved 1144832K
  class space    used 13776K, capacity 15021K, committed 15104K, reserved 1048576K
GC Heap History (10 events):
Event: 1505.079 GC heap before
{Heap before GC invocations=16 (full 4):
 PSYoungGen      total 291840K, used 249856K [0x00000000d5580000, 0x00000000edb00000, 0x0000000100000000)
  eden space 249856K, 100% used [0x00000000d5580000,0x00000000e4980000,0x00000000e4980000)
  from space 41984K, 0% used [0x00000000e4980000,0x00000000e4980000,0x00000000e7280000)
  to   space 41984K, 0% used [0x00000000eb200000,0x00000000eb200000,0x00000000edb00000)
 ParOldGen       total 666624K, used 59790K [0x0000000080000000, 0x00000000a8b00000, 0x00000000d5580000)
  object space 666624K, 8% used [0x0000000080000000,0x0000000083a63940,0x00000000a8b00000)
 Metaspace       used 94634K, capacity 99412K, committed 100696K, reserved 1136640K
  class space    used 12479K, capacity 13455K, committed 13696K, reserved 1048576K
Event: 1505.096 GC heap after
Heap after GC invocations=16 (full 4):
 PSYoungGen      total 357376K, used 23881K [0x00000000d5580000, 0x00000000eeb80000, 0x0000000100000000)
  eden space 315392K, 0% used [0x00000000d5580000,0x00000000d5580000,0x00000000e8980000)
  from space 41984K, 56% used [0x00000000eb200000,0x00000000ec9527e8,0x00000000edb00000)
  to   space 41472K, 0% used [0x00000000e8980000,0x00000000e8980000,0x00000000eb200000)
 ParOldGen       total 666624K, used 59798K [0x0000000080000000, 0x00000000a8b00000, 0x00000000d5580000)
  object space 666624K, 8% used [0x0000000080000000,0x0000000083a65940,0x00000000a8b00000)
 Metaspace       used 94634K, capacity 99412K, committed 100696K, reserved 1136640K
  class space    used 12479K, capacity 13455K, committed 13696K, reserved 1048576K
}
Event: 1505.546 GC heap before
{Heap before GC invocations=17 (full 4):
 PSYoungGen      total 357376K, used 339273K [0x00000000d5580000, 0x00000000eeb80000, 0x0000000100000000)
  eden space 315392K, 100% used [0x00000000d5580000,0x00000000e8980000,0x00000000e8980000)
  from space 41984K, 56% used [0x00000000eb200000,0x00000000ec9527e8,0x00000000edb00000)
  to   space 41472K, 0% used [0x00000000e8980000,0x00000000e8980000,0x00000000eb200000)
 ParOldGen       total 666624K, used 59835K [0x0000000080000000, 0x00000000a8b00000, 0x00000000d5580000)
  object space 666624K, 8% used [0x0000000080000000,0x0000000083a6efb8,0x00000000a8b00000)
 Metaspace       used 98501K, capacity 103790K, committed 104024K, reserved 1138688K
  class space    used 13113K, capacity 14176K, committed 14208K, reserved 1048576K
Event: 1505.583 GC heap after
Heap after GC invocations=17 (full 4):
 PSYoungGen      total 356864K, used 41452K [0x00000000d5580000, 0x00000000f7180000, 0x0000000100000000)
  eden space 315392K, 0% used [0x00000000d5580000,0x00000000d5580000,0x00000000e8980000)
  from space 41472K, 99% used [0x00000000e8980000,0x00000000eb1fb318,0x00000000eb200000)
  to   space 61440K, 0% used [0x00000000f3580000,0x00000000f3580000,0x00000000f7180000)
 ParOldGen       total 666624K, used 97779K [0x0000000080000000, 0x00000000a8b00000, 0x00000000d5580000)
  object space 666624K, 14% used [0x0000000080000000,0x0000000085f7cfc8,0x00000000a8b00000)
 Metaspace       used 98501K, capacity 103790K, committed 104024K, reserved 1138688K
  class space    used 13113K, capacity 14176K, committed 14208K, reserved 1048576K
}
Event: 1506.059 GC heap before
{Heap before GC invocations=18 (full 4):
 PSYoungGen      total 356864K, used 356844K [0x00000000d5580000, 0x00000000f7180000, 0x0000000100000000)
  eden space 315392K, 100% used [0x00000000d5580000,0x00000000e8980000,0x00000000e8980000)
  from space 41472K, 99% used [0x00000000e8980000,0x00000000eb1fb318,0x00000000eb200000)
  to   space 61440K, 0% used [0x00000000f3580000,0x00000000f3580000,0x00000000f7180000)
 ParOldGen       total 666624K, used 97779K [0x0000000080000000, 0x00000000a8b00000, 0x00000000d5580000)
  object space 666624K, 14% used [0x0000000080000000,0x0000000085f7cfc8,0x00000000a8b00000)
 Metaspace       used 101675K, capacity 107752K, committed 107992K, reserved 1142784K
  class space    used 13657K, capacity 14839K, committed 14848K, reserved 1048576K
Event: 1506.087 GC heap after
Heap after GC invocations=18 (full 4):
 PSYoungGen      total 480768K, used 61429K [0x00000000d5580000, 0x00000000f8880000, 0x0000000100000000)
  eden space 419328K, 0% used [0x00000000d5580000,0x00000000d5580000,0x00000000eef00000)
  from space 61440K, 99% used [0x00000000f3580000,0x00000000f717d7c8,0x00000000f7180000)
  to   space 72192K, 0% used [0x00000000eef00000,0x00000000eef00000,0x00000000f3580000)
 ParOldGen       total 666624K, used 101202K [0x0000000080000000, 0x00000000a8b00000, 0x00000000d5580000)
  object space 666624K, 15% used [0x0000000080000000,0x00000000862d4968,0x00000000a8b00000)
 Metaspace       used 101675K, capacity 107752K, committed 107992K, reserved 1142784K
  class space    used 13657K, capacity 14839K, committed 14848K, reserved 1048576K
}
Event: 1506.460 GC heap before
{Heap before GC invocations=19 (full 4):
 PSYoungGen      total 480768K, used 480757K [0x00000000d5580000, 0x00000000f8880000, 0x0000000100000000)
  eden space 419328K, 100% used [0x00000000d5580000,0x00000000eef00000,0x00000000eef00000)
  from space 61440K, 99% used [0x00000000f3580000,0x00000000f717d7c8,0x00000000f7180000)
  to   space 72192K, 0% used [0x00000000eef00000,0x00000000eef00000,0x00000000f3580000)
 ParOldGen       total 666624K, used 101202K [0x0000000080000000, 0x00000000a8b00000, 0x00000000d5580000)
  object space 666624K, 15% used [0x0000000080000000,0x00000000862d4968,0x00000000a8b00000)
 Metaspace       used 102619K, capacity 108954K, committed 109272K, reserved 1142784K
  class space    used 13770K, capacity 15018K, committed 15104K, reserved 1048576K
Event: 1506.500 GC heap after
Heap after GC invocations=19 (full 4):
 PSYoungGen      total 491520K, used 72189K [0x00000000d5580000, 0x0000000100000000, 0x0000000100000000)
  eden space 419328K, 0% used [0x00000000d5580000,0x00000000d5580000,0x00000000eef00000)
  from space 72192K, 99% used [0x00000000eef00000,0x00000000f357f448,0x00000000f3580000)
  to   space 88064K, 0% used [0x00000000faa00000,0x00000000faa00000,0x0000000100000000)
 ParOldGen       total 666624K, used 112770K [0x0000000080000000, 0x00000000a8b00000, 0x00000000d5580000)
  object space 666624K, 16% used [0x0000000080000000,0x0000000086e20810,0x00000000a8b00000)
 Metaspace       used 102619K, capacity 108954K, committed 109272K, reserved 1142784K
  class space    used 13770K, capacity 15018K, committed 15104K, reserved 1048576K
}
Event: 1506.827 GC heap before
{Heap before GC invocations=20 (full 4):
 PSYoungGen      total 491520K, used 491517K [0x00000000d5580000, 0x0000000100000000, 0x0000000100000000)
  eden space 419328K, 100% used [0x00000000d5580000,0x00000000eef00000,0x00000000eef00000)
  from space 72192K, 99% used [0x00000000eef00000,0x00000000f357f448,0x00000000f3580000)
  to   space 88064K, 0% used [0x00000000faa00000,0x00000000faa00000,0x0000000100000000)
 ParOldGen       total 666624K, used 112770K [0x0000000080000000, 0x00000000a8b00000, 0x00000000d5580000)
  object space 666624K, 16% used [0x0000000080000000,0x0000000086e20810,0x00000000a8b00000)
 Metaspace       used 102792K, capacity 109224K, committed 109528K, reserved 1144832K
  class space    used 13776K, capacity 15021K, committed 15104K, reserved 1048576K
Event: 1506.873 GC heap after
Heap after GC invocations=20 (full 4):
 PSYoungGen      total 609792K, used 51252K [0x00000000d5580000, 0x0000000100000000, 0x0000000100000000)
  eden space 521728K, 0% used [0x00000000d5580000,0x00000000d5580000,0x00000000f5300000)
  from space 88064K, 58% used [0x00000000faa00000,0x00000000fdc0d138,0x0000000100000000)
  to   space 88576K, 0% used [0x00000000f5300000,0x00000000f5300000,0x00000000fa980000)
 ParOldGen       total 666624K, used 150604K [0x0000000080000000, 0x00000000a8b00000, 0x00000000d5580000)
  object space 666624K, 22% used [0x0000000080000000,0x0000000089313190,0x00000000a8b00000)
 Metaspace       used 102792K, capacity 109224K, committed 109528K, reserved 1144832K
  class space    used 13776K, capacity 15021K, committed 15104K, reserved 1048576K
}

