# JRE version: OpenJDK Runtime Environment (8.0_242-b01) (build 1.8.0_242-release-1644-b01)
# Java VM: OpenJDK 64-Bit Server VM (25.242-b01 mixed mode windows-amd64 compressed oops)
Heap:
 PSYoungGen      total 204288K, used 56922K [0x00000000d5580000, 0x00000000e7400000, 0x0000000100000000)
  eden space 186880K, 30% used [0x00000000d5580000,0x00000000d8d16940,0x00000000e0c00000)
  from space 17408K, 0% used [0x00000000e6300000,0x00000000e6300000,0x00000000e7400000)
  to   space 21504K, 0% used [0x00000000e0c00000,0x00000000e0c00000,0x00000000e2100000)
 ParOldGen       total 219136K, used 36881K [0x0000000080000000, 0x000000008d600000, 0x00000000d5580000)
  object space 219136K, 16% used [0x0000000080000000,0x0000000082404470,0x000000008d600000)
 Metaspace       used 60200K, capacity 62588K, committed 62872K, reserved 1103872K
  class space    used 8330K, capacity 8847K, committed 8880K, reserved 1048576K
GC Heap History (10 events):
Event: 2.628 GC heap before
{Heap before GC invocations=5 (full 1):
 PSYoungGen      total 152576K, used 44759K [0x00000000d5580000, 0x00000000e3600000, 0x0000000100000000)
  eden space 131072K, 23% used [0x00000000d5580000,0x00000000d735abf8,0x00000000dd580000)
  from space 21504K, 65% used [0x00000000dd580000,0x00000000de35b1a8,0x00000000dea80000)
  to   space 21504K, 0% used [0x00000000e2100000,0x00000000e2100000,0x00000000e3600000)
 ParOldGen       total 219136K, used 13340K [0x0000000080000000, 0x000000008d600000, 0x00000000d5580000)
  object space 219136K, 6% used [0x0000000080000000,0x0000000080d07240,0x000000008d600000)
 Metaspace       used 34306K, capacity 35414K, committed 35496K, reserved 1079296K
  class space    used 4722K, capacity 5002K, committed 5040K, reserved 1048576K
Event: 2.632 GC heap after
Heap after GC invocations=5 (full 1):
 PSYoungGen      total 208384K, used 8282K [0x00000000d5580000, 0x00000000e4700000, 0x0000000100000000)
  eden space 186880K, 0% used [0x00000000d5580000,0x00000000d5580000,0x00000000e0c00000)
  from space 21504K, 38% used [0x00000000e2100000,0x00000000e2916928,0x00000000e3600000)
  to   space 21504K, 0% used [0x00000000e0c00000,0x00000000e0c00000,0x00000000e2100000)
 ParOldGen       total 219136K, used 13348K [0x0000000080000000, 0x000000008d600000, 0x00000000d5580000)
  object space 219136K, 6% used [0x0000000080000000,0x0000000080d09240,0x000000008d600000)
 Metaspace       used 34306K, capacity 35414K, committed 35496K, reserved 1079296K
  class space    used 4722K, capacity 5002K, committed 5040K, reserved 1048576K
}
Event: 2.632 GC heap before
{Heap before GC invocations=6 (full 2):
 PSYoungGen      total 208384K, used 8282K [0x00000000d5580000, 0x00000000e4700000, 0x0000000100000000)
  eden space 186880K, 0% used [0x00000000d5580000,0x00000000d5580000,0x00000000e0c00000)
  from space 21504K, 38% used [0x00000000e2100000,0x00000000e2916928,0x00000000e3600000)
  to   space 21504K, 0% used [0x00000000e0c00000,0x00000000e0c00000,0x00000000e2100000)
 ParOldGen       total 219136K, used 13348K [0x0000000080000000, 0x000000008d600000, 0x00000000d5580000)
  object space 219136K, 6% used [0x0000000080000000,0x0000000080d09240,0x000000008d600000)
 Metaspace       used 34306K, capacity 35414K, committed 35496K, reserved 1079296K
  class space    used 4722K, capacity 5002K, committed 5040K, reserved 1048576K
Event: 2.659 GC heap after
Heap after GC invocations=6 (full 2):
 PSYoungGen      total 208384K, used 0K [0x00000000d5580000, 0x00000000e4700000, 0x0000000100000000)
  eden space 186880K, 0% used [0x00000000d5580000,0x00000000d5580000,0x00000000e0c00000)
  from space 21504K, 0% used [0x00000000e2100000,0x00000000e2100000,0x00000000e3600000)
  to   space 21504K, 0% used [0x00000000e0c00000,0x00000000e0c00000,0x00000000e2100000)
 ParOldGen       total 219136K, used 14795K [0x0000000080000000, 0x000000008d600000, 0x00000000d5580000)
  object space 219136K, 6% used [0x0000000080000000,0x0000000080e72c50,0x000000008d600000)
 Metaspace       used 34306K, capacity 35414K, committed 35496K, reserved 1079296K
  class space    used 4722K, capacity 5002K, committed 5040K, reserved 1048576K
}
Event: 3.455 GC heap before
{Heap before GC invocations=7 (full 2):
 PSYoungGen      total 208384K, used 186880K [0x00000000d5580000, 0x00000000e4700000, 0x0000000100000000)
  eden space 186880K, 100% used [0x00000000d5580000,0x00000000e0c00000,0x00000000e0c00000)
  from space 21504K, 0% used [0x00000000e2100000,0x00000000e2100000,0x00000000e3600000)
  to   space 21504K, 0% used [0x00000000e0c00000,0x00000000e0c00000,0x00000000e2100000)
 ParOldGen       total 219136K, used 14795K [0x0000000080000000, 0x000000008d600000, 0x00000000d5580000)
  object space 219136K, 6% used [0x0000000080000000,0x0000000080e72c50,0x000000008d600000)
 Metaspace       used 44380K, capacity 46288K, committed 46376K, reserved 1089536K
  class space    used 6039K, capacity 6418K, committed 6448K, reserved 1048576K
Event: 3.462 GC heap after
Heap after GC invocations=7 (full 2):
 PSYoungGen      total 208384K, used 14091K [0x00000000d5580000, 0x00000000e7400000, 0x0000000100000000)
  eden space 186880K, 0% used [0x00000000d5580000,0x00000000d5580000,0x00000000e0c00000)
  from space 21504K, 65% used [0x00000000e0c00000,0x00000000e19c2d60,0x00000000e2100000)
  to   space 17408K, 0% used [0x00000000e6300000,0x00000000e6300000,0x00000000e7400000)
 ParOldGen       total 219136K, used 14803K [0x0000000080000000, 0x000000008d600000, 0x00000000d5580000)
  object space 219136K, 6% used [0x0000000080000000,0x0000000080e74c50,0x000000008d600000)
 Metaspace       used 44380K, capacity 46288K, committed 46376K, reserved 1089536K
  class space    used 6039K, capacity 6418K, committed 6448K, reserved 1048576K
}
Event: 4.387 GC heap before
{Heap before GC invocations=8 (full 2):
 PSYoungGen      total 208384K, used 167234K [0x00000000d5580000, 0x00000000e7400000, 0x0000000100000000)
  eden space 186880K, 81% used [0x00000000d5580000,0x00000000deb0dc30,0x00000000e0c00000)
  from space 21504K, 65% used [0x00000000e0c00000,0x00000000e19c2d60,0x00000000e2100000)
  to   space 17408K, 0% used [0x00000000e6300000,0x00000000e6300000,0x00000000e7400000)
 ParOldGen       total 219136K, used 14803K [0x0000000080000000, 0x000000008d600000, 0x00000000d5580000)
  object space 219136K, 6% used [0x0000000080000000,0x0000000080e74c50,0x000000008d600000)
 Metaspace       used 56728K, capacity 59110K, committed 59160K, reserved 1099776K
  class space    used 7775K, capacity 8238K, committed 8240K, reserved 1048576K
Event: 4.399 GC heap after
Heap after GC invocations=8 (full 2):
 PSYoungGen      total 204288K, used 17388K [0x00000000d5580000, 0x00000000e7400000, 0x0000000100000000)
  eden space 186880K, 0% used [0x00000000d5580000,0x00000000d5580000,0x00000000e0c00000)
  from space 17408K, 99% used [0x00000000e6300000,0x00000000e73fb330,0x00000000e7400000)
  to   space 21504K, 0% used [0x00000000e0c00000,0x00000000e0c00000,0x00000000e2100000)
 ParOldGen       total 219136K, used 22475K [0x0000000080000000, 0x000000008d600000, 0x00000000d5580000)
  object space 219136K, 10% used [0x0000000080000000,0x00000000815f2fa8,0x000000008d600000)
 Metaspace       used 56728K, capacity 59110K, committed 59160K, reserved 1099776K
  class space    used 7775K, capacity 8238K, committed 8240K, reserved 1048576K
}
Event: 4.399 GC heap before
{Heap before GC invocations=9 (full 3):
 PSYoungGen      total 204288K, used 17388K [0x00000000d5580000, 0x00000000e7400000, 0x0000000100000000)
  eden space 186880K, 0% used [0x00000000d5580000,0x00000000d5580000,0x00000000e0c00000)
  from space 17408K, 99% used [0x00000000e6300000,0x00000000e73fb330,0x00000000e7400000)
  to   space 21504K, 0% used [0x00000000e0c00000,0x00000000e0c00000,0x00000000e2100000)
 ParOldGen       total 219136K, used 22475K [0x0000000080000000, 0x000000008d600000, 0x00000000d5580000)
  object space 219136K, 10% used [0x0000000080000000,0x00000000815f2fa8,0x000000008d600000)
 Metaspace       used 56728K, capacity 59110K, committed 59160K, reserved 1099776K
  class space    used 7775K, capacity 8238K, committed 8240K, reserved 1048576K
Event: 4.527 GC heap after
Heap after GC invocations=9 (full 3):
 PSYoungGen      total 204288K, used 0K [0x00000000d5580000, 0x00000000e7400000, 0x0000000100000000)
  eden space 186880K, 0% used [0x00000000d5580000,0x00000000d5580000,0x00000000e0c00000)
  from space 17408K, 0% used [0x00000000e6300000,0x00000000e6300000,0x00000000e7400000)
  to   space 21504K, 0% used [0x00000000e0c00000,0x00000000e0c00000,0x00000000e2100000)
 ParOldGen       total 219136K, used 36881K [0x0000000080000000, 0x000000008d600000, 0x00000000d5580000)
  object space 219136K, 16% used [0x0000000080000000,0x0000000082404470,0x000000008d600000)
 Metaspace       used 56648K, capacity 58840K, committed 59160K, reserved 1099776K
  class space    used 7751K, capacity 8193K, committed 8240K, reserved 1048576K
}

